<?xml version="1.0" encoding="UTF-8"?>
<!-- Generated by org.testng.reporters.JUnitReportReporter -->
<testsuite skipped="1" hostname="DESKTOP-6OLANJI" name="APITest.E_commerece" tests="4" failures="0" timestamp="2021-12-01T11:48:56 IST" time="11.327" errors="0">
  <testcase name="log_in" time="6.641" classname="APITest.E_commerece"/>
  <system-out/>
  <testcase name="get" time="2.969" classname="APITest.E_commerece"/>
  <system-out/>
  <testcase name="delete" time="1.717" classname="APITest.E_commerece"/>
  <system-out/>
  <testcase name="sign_up" classname="APITest.E_commerece">
    <skipped/>
  </testcase> <!-- sign_up -->
  <system-out/>
</testsuite> <!-- APITest.E_commerece -->
