<?xml version="1.0" encoding="UTF-8"?>
<!-- Generated by org.testng.reporters.JUnitReportReporter -->
<testsuite hostname="DESKTOP-6OLANJI" failures="0" tests="2" name="APITest.Demo_TestNG" time="0.016" errors="0" timestamp="2021-11-25T13:08:38 IST" skipped="0">
  <testcase classname="APITest.Demo_TestNG" name="testcase1" time="0.013"/>
  <system-out/>
  <testcase classname="APITest.Demo_TestNG" name="testcase2" time="0.003"/>
  <system-out/>
</testsuite> <!-- APITest.Demo_TestNG -->
