<?xml version="1.0" encoding="UTF-8"?>
<!-- Generated by org.testng.reporters.JUnitReportReporter -->
<testsuite hostname="DESKTOP-6OLANJI" failures="0" tests="1" name="APITest.Demo2_TestNG" time="0.005" errors="0" timestamp="2021-11-25T13:08:38 IST" skipped="0">
  <testcase classname="APITest.Demo2_TestNG" name="testcase3" time="0.005"/>
  <system-out/>
</testsuite> <!-- APITest.Demo2_TestNG -->
