<?xml version="1.0" encoding="UTF-8"?>
<!-- Generated by org.testng.reporters.JUnitReportReporter -->
<testsuite skipped="0" hostname="DESKTOP-6OLANJI" name="APITest.Demo2_TestNG" tests="1" failures="0" timestamp="2021-11-25T15:10:48 IST" time="0.006" errors="0">
  <testcase name="testcase3" time="0.006" classname="APITest.Demo2_TestNG"/>
  <system-out/>
</testsuite> <!-- APITest.Demo2_TestNG -->
