<?xml version="1.0" encoding="UTF-8"?>
<!-- Generated by org.testng.reporters.JUnitReportReporter -->
<testsuite skipped="1" hostname="DESKTOP-6OLANJI" name="APITest.E_commerece" tests="4" failures="0" timestamp="2021-12-01T12:01:38 IST" time="8.573" errors="0">
  <testcase name="log_in" time="3.943" classname="APITest.E_commerece"/>
  <system-out/>
  <testcase name="get" time="2.946" classname="APITest.E_commerece"/>
  <system-out/>
  <testcase name="delete" time="1.684" classname="APITest.E_commerece"/>
  <system-out/>
  <testcase name="sign_up" classname="APITest.E_commerece">
    <skipped/>
  </testcase> <!-- sign_up -->
  <system-out/>
</testsuite> <!-- APITest.E_commerece -->
