<?xml version="1.0" encoding="UTF-8"?>
<!-- Generated by org.testng.reporters.JUnitReportReporter -->
<testsuite skipped="0" hostname="DESKTOP-6OLANJI" name="APITest.Demo_TestNG" tests="2" failures="0" timestamp="2021-11-25T15:10:48 IST" time="0.002" errors="0">
  <testcase name="testcase2" time="0.000" classname="APITest.Demo_TestNG"/>
  <system-out/>
  <testcase name="testcase1" time="0.002" classname="APITest.Demo_TestNG"/>
  <system-out/>
</testsuite> <!-- APITest.Demo_TestNG -->
