<?xml version="1.0" encoding="UTF-8"?>
<!-- Generated by org.testng.reporters.JUnitReportReporter -->
<testsuite skipped="0" hostname="DESKTOP-6OLANJI" name="APITest.Demo4_TestNG_PostMethod" tests="3" failures="0" timestamp="2021-12-01T12:01:38 IST" time="6.694" errors="0">
  <testcase name="create_board" time="4.474" classname="APITest.Demo4_TestNG_PostMethod"/>
  <system-out/>
  <testcase name="get_board" time="1.002" classname="APITest.Demo4_TestNG_PostMethod"/>
  <system-out/>
  <testcase name="delete_board" time="1.218" classname="APITest.Demo4_TestNG_PostMethod"/>
  <system-out/>
</testsuite> <!-- APITest.Demo4_TestNG_PostMethod -->
